<?xml version="1.0" encoding="UTF-8"?>
<!-- Generated by org.testng.reporters.JUnitReportReporter -->
<testsuite hostname="NP" failures="0" tests="3" name="basic_java.topic11_arrary" time="0.008" errors="0" timestamp="04 Nov 2022 07:44:38 GMT" skipped="0">
  <testcase classname="basic_java.topic11_arrary" name="TC_01_even_number" time="0.001"/>
  <testcase classname="basic_java.topic11_arrary" name="TC_01_Find_Max_number" time="0.006"/>
  <testcase classname="basic_java.topic11_arrary" name="TC_01_average" time="0.001"/>
</testsuite> <!-- basic_java.topic11_arrary -->
