<?xml version="1.0" encoding="UTF-8"?>
<!-- Generated by org.testng.reporters.JUnitReportReporter -->
<testsuite hostname="NP" failures="0" tests="4" name="webdriver.Topic06_Element" time="32.501" errors="0" timestamp="18 Oct 2022 10:27:50 GMT" skipped="0">
  <testcase classname="webdriver.Topic06_Element" name="TC_02" time="0.261"/>
  <testcase classname="webdriver.Topic06_Element" name="TC_01_" time="1.539"/>
  <testcase classname="webdriver.Topic06_Element" name="TC_03" time="0.406"/>
  <testcase classname="webdriver.Topic06_Element" name="TC_04" time="30.295"/>
</testsuite> <!-- webdriver.Topic06_Element -->
