<?xml version="1.0" encoding="UTF-8"?>
<!-- Generated by org.testng.reporters.JUnitReportReporter -->
<testsuite hostname="NP" failures="0" tests="2" name="webdriver.Topic20_explicit_wait" time="22.470" errors="0" timestamp="23 Nov 2022 04:03:21 GMT" skipped="0">
  <testcase classname="webdriver.Topic20_explicit_wait" name="TC_03_Upload" time="9.338"/>
  <testcase classname="webdriver.Topic20_explicit_wait" name="TC_03_Date_Time_Calendar" time="13.132"/>
</testsuite> <!-- webdriver.Topic20_explicit_wait -->
