<?xml version="1.0" encoding="UTF-8"?>
<!-- Generated by org.testng.reporters.JUnitReportReporter -->
<testsuite hostname="NP" failures="0" tests="3" name="webdriver.Topic16_Frame_IFrame" time="34.272" errors="0" timestamp="15 Nov 2022 09:39:39 GMT" skipped="0">
  <testcase classname="webdriver.Topic16_Frame_IFrame" name="TC_03_LoginFormDisplayed" time="0.001"/>
  <testcase classname="webdriver.Topic16_Frame_IFrame" name="TC_01_IFrame" time="34.270"/>
  <testcase classname="webdriver.Topic16_Frame_IFrame" name="TC_02_ValidatePageTitle" time="0.001"/>
</testsuite> <!-- webdriver.Topic16_Frame_IFrame -->
