<?xml version="1.0" encoding="UTF-8"?>
<!-- Generated by org.testng.reporters.JUnitReportReporter -->
<testsuite hostname="NP" failures="0" tests="1" name="webdriver.Topic10_Default_Checkbox" time="2.131" errors="0" timestamp="07 Nov 2022 10:32:53 GMT" skipped="0">
  <testcase classname="webdriver.Topic10_Default_Checkbox" name="TC_01_Checkbox" time="2.131"/>
</testsuite> <!-- webdriver.Topic10_Default_Checkbox -->
