<?xml version="1.0" encoding="UTF-8"?>
<!-- Generated by org.testng.reporters.JUnitReportReporter -->
<testsuite hostname="NP" failures="0" tests="2" name="webdriver.Topic06_homework" time="23.424" errors="0" timestamp="01 Nov 2022 02:25:00 GMT" skipped="0">
  <testcase classname="webdriver.Topic06_homework" name="TC_05_Create_a_new_account" time="19.069"/>
  <testcase classname="webdriver.Topic06_homework" name="TC_06_Login_valid_info" time="4.355"/>
</testsuite> <!-- webdriver.Topic06_homework -->
