<?xml version="1.0" encoding="UTF-8"?>
<!-- Generated by org.testng.reporters.JUnitReportReporter -->
<testsuite hostname="NP" failures="0" tests="1" name="webdriver.Topic14_interaction" time="1.466" errors="0" timestamp="14 Nov 2022 02:49:53 GMT" skipped="0">
  <testcase classname="webdriver.Topic14_interaction" name="TC_03_Drag_And_Drop" time="1.466"/>
</testsuite> <!-- webdriver.Topic14_interaction -->
