<?xml version="1.0" encoding="UTF-8"?>
<!-- Generated by org.testng.reporters.JUnitReportReporter -->
<testsuite hostname="NP" failures="0" tests="3" name="webdriver.Topic09_button" time="5.764" errors="0" timestamp="07 Nov 2022 04:27:31 GMT" skipped="0">
  <testcase classname="webdriver.Topic09_button" name="TC_02_ValidatePageTitle" time="0.000"/>
  <testcase classname="webdriver.Topic09_button" name="TC_01_Fahasa" time="5.763"/>
  <testcase classname="webdriver.Topic09_button" name="TC_03_LoginFormDisplayed" time="0.001"/>
</testsuite> <!-- webdriver.Topic09_button -->
