<?xml version="1.0" encoding="UTF-8"?>
<!-- Generated by org.testng.reporters.JUnitReportReporter -->
<testsuite hostname="NP" failures="0" tests="4" name="webdriver.Topic20_Fluent_Wait" time="5.971" errors="0" timestamp="24 Nov 2022 08:42:01 GMT" skipped="0">
  <testcase classname="webdriver.Topic20_Fluent_Wait" name="TC_05_Element_not_found_explicit_tham_so_WebElement" time="0.001"/>
  <testcase classname="webdriver.Topic20_Fluent_Wait" name="TC_04_Element_not_found_explicit_tham_so_by" time="0.000"/>
  <testcase classname="webdriver.Topic20_Fluent_Wait" name="TC_01_Fluent_Wait" time="5.969"/>
  <testcase classname="webdriver.Topic20_Fluent_Wait" name="TC_02_Element_not_found" time="0.001"/>
</testsuite> <!-- webdriver.Topic20_Fluent_Wait -->
