<?xml version="1.0" encoding="UTF-8"?>
<!-- Generated by org.testng.reporters.JUnitReportReporter -->
<testsuite hostname="NP" failures="0" tests="3" name="webdriver.Topic08_dropdown_default" time="6.734" errors="0" timestamp="31 Oct 2022 05:06:03 GMT" skipped="0">
  <testcase classname="webdriver.Topic08_dropdown_default" name="TC_02_HTML_dropdown" time="2.279"/>
  <testcase classname="webdriver.Topic08_dropdown_default" name="TC_03_LoginFormDisplayed" time="0.000"/>
  <testcase classname="webdriver.Topic08_dropdown_default" name="TC_01_ValidateCurrentUrl" time="4.455"/>
</testsuite> <!-- webdriver.Topic08_dropdown_default -->
