<?xml version="1.0" encoding="UTF-8"?>
<!-- Generated by org.testng.reporters.JUnitReportReporter -->
<testsuite hostname="NP" failures="0" tests="2" name="webdriver.Topic19_upload_file" time="3.388" errors="0" timestamp="19 Nov 2022 04:09:08 GMT" skipped="0">
  <testcase classname="webdriver.Topic19_upload_file" name="TC_02_Upload_multiple_files" time="3.388"/>
  <testcase classname="webdriver.Topic19_upload_file" name="TC_03_LoginFormDisplayed" time="0.000"/>
</testsuite> <!-- webdriver.Topic19_upload_file -->
