<?xml version="1.0" encoding="UTF-8"?>
<!-- Generated by org.testng.reporters.JUnitReportReporter -->
<testsuite hostname="NP" failures="0" tests="1" name="webdriver.Topic17_window_tab" time="13.892" errors="0" timestamp="17 Nov 2022 09:07:00 GMT" skipped="0">
  <testcase classname="webdriver.Topic17_window_tab" name="TC4_cambridge_window" time="13.892"/>
</testsuite> <!-- webdriver.Topic17_window_tab -->
