<?xml version="1.0" encoding="UTF-8"?>
<!-- Generated by org.testng.reporters.JUnitReportReporter -->
<testsuite hostname="NP" failures="0" tests="3" name="webdriver.Topic07_textarea" time="98.864" errors="0" timestamp="26 Oct 2022 10:19:48 GMT" skipped="0">
  <testcase classname="webdriver.Topic07_textarea" name="TC_01_ValidateCurrentUrl" time="98.863"/>
  <testcase classname="webdriver.Topic07_textarea" name="TC_02_ValidatePageTitle" time="0.000"/>
  <testcase classname="webdriver.Topic07_textarea" name="TC_03_LoginFormDisplayed" time="0.001"/>
</testsuite> <!-- webdriver.Topic07_textarea -->
