<?xml version="1.0" encoding="UTF-8"?>
<!-- Generated by org.testng.reporters.JUnitReportReporter -->
<testsuite hostname="NP" failures="0" tests="2" name="webdriver.Topic15_random_popup" time="15.348" errors="0" timestamp="15 Nov 2022 03:11:40 GMT" skipped="0">
  <testcase classname="webdriver.Topic15_random_popup" name="TC_03_Random_popup_Not_In_DOM" time="13.368"/>
  <testcase classname="webdriver.Topic15_random_popup" name="TC_02_Random_popup_In_DOM" time="1.980"/>
</testsuite> <!-- webdriver.Topic15_random_popup -->
