<?xml version="1.0" encoding="UTF-8"?>
<!-- Generated by org.testng.reporters.JUnitReportReporter -->
<testsuite hostname="NP" failures="0" tests="4" name="webdriver.Topic6" time="58.506" errors="0" timestamp="18 Oct 2022 03:19:35 GMT" skipped="0">
  <testcase classname="webdriver.Topic6" name="TC_03_Navigate" time="21.654"/>
  <testcase classname="webdriver.Topic6" name="TC_02_Title" time="8.294"/>
  <testcase classname="webdriver.Topic6" name="TC_01_Url" time="17.263"/>
  <testcase classname="webdriver.Topic6" name="TC_04_Page_Source" time="11.295"/>
</testsuite> <!-- webdriver.Topic6 -->
