<?xml version="1.0" encoding="UTF-8"?>
<!-- Generated by org.testng.reporters.JUnitReportReporter -->
<testsuite hostname="NP" failures="0" tests="2" name="webdriver.Topic18_Javascript_Excutor" time="21.014" errors="0" timestamp="18 Nov 2022 08:39:46 GMT" skipped="0">
  <testcase classname="webdriver.Topic18_Javascript_Excutor" name="TC_03_LoginFormDisplayed" time="0.000"/>
  <testcase classname="webdriver.Topic18_Javascript_Excutor" name="TC_02_HTML5_validation_message" time="21.014"/>
</testsuite> <!-- webdriver.Topic18_Javascript_Excutor -->
