<?xml version="1.0" encoding="UTF-8"?>
<!-- Generated by org.testng.reporters.JUnitReportReporter -->
<testsuite hostname="NP" failures="0" tests="1" name="basic_java.topic_switch_case" time="3.205" errors="0" timestamp="02 Nov 2022 10:23:32 GMT" skipped="0">
  <testcase classname="basic_java.topic_switch_case" name="TC_03_Login" time="3.205"/>
</testsuite> <!-- basic_java.topic_switch_case -->
